{
  "stats": {
    "suites": 1,
    "tests": 4,
    "passes": 1,
    "pending": 2,
    "failures": 1,
    "start": "2024-11-06T14:28:04.566Z",
    "end": "2024-11-06T14:28:05.252Z",
    "duration": 686,
    "testsRegistered": 4,
    "passPercent": 50,
    "pendingPercent": 50,
    "other": 0,
    "hasOther": false,
    "skipped": 0,
    "hasSkipped": false
  },
  "results": [
    {
      "uuid": "a45257c6-6ad3-41c5-a122-f6d1b8fe29d7",
      "title": "",
      "fullFile": "C:\\Users\\Pąku\\Documents\\Repo\\TestWarezRepo\\tests\\api.test.js",
      "file": "\\tests\\api.test.js",
      "beforeHooks": [],
      "afterHooks": [],
      "tests": [],
      "suites": [
        {
          "uuid": "4bf689fb-0d51-41e9-b86a-235721a43ae3",
          "title": "Api tests",
          "fullFile": "C:\\Users\\Pąku\\Documents\\Repo\\TestWarezRepo\\tests\\api.test.js",
          "file": "\\tests\\api.test.js",
          "beforeHooks": [],
          "afterHooks": [],
          "tests": [
            {
              "title": "get request",
              "fullTitle": "Api tests get request",
              "timedOut": false,
              "duration": 0,
              "state": "pending",
              "speed": null,
              "pass": false,
              "fail": false,
              "pending": true,
              "context": null,
              "code": "",
              "err": {},
              "uuid": "5bf39481-8b99-4bda-a32b-4e08cf3ed921",
              "parentUUID": "4bf689fb-0d51-41e9-b86a-235721a43ae3",
              "isHook": false,
              "skipped": false
            },
            {
              "title": "Create a user",
              "fullTitle": "Api tests Create a user",
              "timedOut": false,
              "duration": 0,
              "state": "pending",
              "speed": null,
              "pass": false,
              "fail": false,
              "pending": true,
              "context": null,
              "code": "",
              "err": {},
              "uuid": "1478a735-d6d9-4225-b7e5-2569c6bd72e6",
              "parentUUID": "4bf689fb-0d51-41e9-b86a-235721a43ae3",
              "isHook": false,
              "skipped": false
            },
            {
              "title": "Generation token",
              "fullTitle": "Api tests Generation token",
              "timedOut": false,
              "duration": 535,
              "state": "passed",
              "speed": "slow",
              "pass": true,
              "fail": false,
              "pending": false,
              "context": null,
              "code": "const response = await spec()\n.post(`${baseUrl}/Account/v1/GenerateToken`)\n.withBody ({\n    userName: userName,\n    password: password,\n})\n    .inspect()\n    token_response = response.body.token;\n    console.log(token_response);\n    expect(response.statusCode).to.eql(200);\n    expect(response.body.result).to.eql(\"User authorized successfully.\");",
              "err": {},
              "uuid": "6b30e9c9-cd76-4eca-b7d5-eb15afbb3307",
              "parentUUID": "4bf689fb-0d51-41e9-b86a-235721a43ae3",
              "isHook": false,
              "skipped": false
            },
            {
              "title": "Add a book",
              "fullTitle": "Api tests Add a book",
              "timedOut": false,
              "duration": 134,
              "state": "failed",
              "speed": null,
              "pass": false,
              "fail": true,
              "pending": false,
              "context": null,
              "code": "const response = await spec()\n.post(`${baseUrl}/BookStore/v1/Books`)\n.withBearerToken(token_response)\n.withBody({\n    userId: userId,\n        collectionOfIsbns: [\n            {\n                isbn: isbn  \n        }\n    ]\n})\n.inspect()\nexpect(response.statusCode).to.eql(201);",
              "err": {
                "message": "AssertionError: expected 401 to deeply equal 201",
                "estack": "AssertionError: expected 401 to deeply equal 201\n    at Context.<anonymous> (file:///C:/Users/P%C4%85ku/Documents/Repo/TestWarezRepo/tests/api.test.js:58:44)\n    at process.processTicksAndRejections (node:internal/process/task_queues:95:5)",
                "diff": "- 401\n+ 201\n"
              },
              "uuid": "d92537f2-dacf-4dc8-b3e3-fab8f6b49c81",
              "parentUUID": "4bf689fb-0d51-41e9-b86a-235721a43ae3",
              "isHook": false,
              "skipped": false
            }
          ],
          "suites": [],
          "passes": [
            "6b30e9c9-cd76-4eca-b7d5-eb15afbb3307"
          ],
          "failures": [
            "d92537f2-dacf-4dc8-b3e3-fab8f6b49c81"
          ],
          "pending": [
            "5bf39481-8b99-4bda-a32b-4e08cf3ed921",
            "1478a735-d6d9-4225-b7e5-2569c6bd72e6"
          ],
          "skipped": [],
          "duration": 669,
          "root": false,
          "rootEmpty": false,
          "_timeout": 10000
        }
      ],
      "passes": [],
      "failures": [],
      "pending": [],
      "skipped": [],
      "duration": 0,
      "root": true,
      "rootEmpty": true,
      "_timeout": 10000
    }
  ],
  "meta": {
    "mocha": {
      "version": "10.8.2"
    },
    "mochawesome": {
      "options": {
        "quiet": false,
        "reportFilename": "mochawesome",
        "saveHtml": true,
        "saveJson": true,
        "consoleReporter": "spec",
        "useInlineDiffs": false,
        "code": true
      },
      "version": "7.1.3"
    },
    "marge": {
      "options": null,
      "version": "6.2.0"
    }
  }
}