{
  "stats": {
    "suites": 1,
    "tests": 4,
    "passes": 1,
    "pending": 1,
    "failures": 2,
    "start": "2024-11-06T14:05:41.893Z",
    "end": "2024-11-06T14:05:44.079Z",
    "duration": 2186,
    "testsRegistered": 4,
    "passPercent": 33.33333333333333,
    "pendingPercent": 25,
    "other": 0,
    "hasOther": false,
    "skipped": 0,
    "hasSkipped": false
  },
  "results": [
    {
      "uuid": "029abc4d-d0c6-478c-8a27-2fbb337c9bef",
      "title": "",
      "fullFile": "C:\\Users\\Pąku\\Documents\\Repo\\TestWarezRepo\\tests\\api.test.js",
      "file": "\\tests\\api.test.js",
      "beforeHooks": [],
      "afterHooks": [],
      "tests": [],
      "suites": [
        {
          "uuid": "62e6b4eb-d1aa-4c98-b8eb-b2be3902b8f5",
          "title": "Api tests",
          "fullFile": "C:\\Users\\Pąku\\Documents\\Repo\\TestWarezRepo\\tests\\api.test.js",
          "file": "\\tests\\api.test.js",
          "beforeHooks": [],
          "afterHooks": [],
          "tests": [
            {
              "title": "get request",
              "fullTitle": "Api tests get request",
              "timedOut": false,
              "duration": 0,
              "state": "pending",
              "speed": null,
              "pass": false,
              "fail": false,
              "pending": true,
              "context": null,
              "code": "",
              "err": {},
              "uuid": "f79b4210-bfd7-421d-b254-de6ea169a56a",
              "parentUUID": "62e6b4eb-d1aa-4c98-b8eb-b2be3902b8f5",
              "isHook": false,
              "skipped": false
            },
            {
              "title": "Create a user",
              "fullTitle": "Api tests Create a user",
              "timedOut": false,
              "duration": 881,
              "state": "failed",
              "speed": null,
              "pass": false,
              "fail": true,
              "pending": false,
              "context": null,
              "code": "const response = await spec()\n.post(\"https://demoqa.com/Account/v1/User\")\n.withBody({\n    userName: userName,\n    password: password,\n})\n.inspect();\nexpect(response.statusCode).to.eql(201)",
              "err": {
                "message": "AssertionError: expected 406 to deeply equal 201",
                "estack": "AssertionError: expected 406 to deeply equal 201\n    at Context.<anonymous> (file:///C:/Users/P%C4%85ku/Documents/Repo/TestWarezRepo/tests/api.test.js:28:40)\n    at process.processTicksAndRejections (node:internal/process/task_queues:95:5)",
                "diff": "- 406\n+ 201\n"
              },
              "uuid": "e0347936-c83c-4296-8592-e32f3b26b292",
              "parentUUID": "62e6b4eb-d1aa-4c98-b8eb-b2be3902b8f5",
              "isHook": false,
              "skipped": false
            },
            {
              "title": "Generation token",
              "fullTitle": "Api tests Generation token",
              "timedOut": false,
              "duration": 488,
              "state": "passed",
              "speed": "slow",
              "pass": true,
              "fail": false,
              "pending": false,
              "context": null,
              "code": "const response = await spec()\n.post(`${baseUrl}/Account/v1/GenerateToken`)\n.withBody ({\n    userName: userName,\n    password: password,\n})\n    .inspect()\n    token_respons = response.body.token;\n    console.log(token_respons);\n    expect(response.statusCode).to.eql(200);\n    expect(response.body.result).to.eql(\"User authorized successfully.\");",
              "err": {},
              "uuid": "1b8c4de2-d5ec-4b5f-aa48-75452987b603",
              "parentUUID": "62e6b4eb-d1aa-4c98-b8eb-b2be3902b8f5",
              "isHook": false,
              "skipped": false
            },
            {
              "title": "Add a book",
              "fullTitle": "Api tests Add a book",
              "timedOut": false,
              "duration": 790,
              "state": "failed",
              "speed": null,
              "pass": false,
              "fail": true,
              "pending": false,
              "context": null,
              "code": "const response = await spec()\n.post(`${baseUrl}/BookStore/v1/Books`)\n.withBearerToken(token_respons)\n.inspect()\n.withBody({\n    userId: userId,\n        collectionOfIsbns: [\n            {\n                isbn: isbn  \n        }\n    ]\n})\nexpect(response.statusCode).to.eql(201);",
              "err": {
                "message": "AssertionError: expected 401 to deeply equal 201",
                "estack": "AssertionError: expected 401 to deeply equal 201\n    at Context.<anonymous> (file:///C:/Users/P%C4%85ku/Documents/Repo/TestWarezRepo/tests/api.test.js:58:44)\n    at process.processTicksAndRejections (node:internal/process/task_queues:95:5)",
                "diff": "- 401\n+ 201\n"
              },
              "uuid": "a6575252-bd1a-4128-babd-a406be48c413",
              "parentUUID": "62e6b4eb-d1aa-4c98-b8eb-b2be3902b8f5",
              "isHook": false,
              "skipped": false
            }
          ],
          "suites": [],
          "passes": [
            "1b8c4de2-d5ec-4b5f-aa48-75452987b603"
          ],
          "failures": [
            "e0347936-c83c-4296-8592-e32f3b26b292",
            "a6575252-bd1a-4128-babd-a406be48c413"
          ],
          "pending": [
            "f79b4210-bfd7-421d-b254-de6ea169a56a"
          ],
          "skipped": [],
          "duration": 2159,
          "root": false,
          "rootEmpty": false,
          "_timeout": 10000
        }
      ],
      "passes": [],
      "failures": [],
      "pending": [],
      "skipped": [],
      "duration": 0,
      "root": true,
      "rootEmpty": true,
      "_timeout": 10000
    }
  ],
  "meta": {
    "mocha": {
      "version": "10.8.2"
    },
    "mochawesome": {
      "options": {
        "quiet": false,
        "reportFilename": "mochawesome",
        "saveHtml": true,
        "saveJson": true,
        "consoleReporter": "spec",
        "useInlineDiffs": false,
        "code": true
      },
      "version": "7.1.3"
    },
    "marge": {
      "options": null,
      "version": "6.2.0"
    }
  }
}